{
  "RSpec": {
    "coverage": {
      "/home/scruffy-value-0637/tic-tac-toe-rb-online-web-sp-000/lib/tic_tac_toe.rb": [
        null,
        1,
        null,
        null,
        null,
        null,
        null,
        null,
        null,
        null,
        null,
        1,
        17,
        17,
        17,
        17,
        17,
        null,
        null,
        1,
        17,
        null,
        null,
        1,
        17,
        null,
        null,
        1,
        84,
        null,
        null,
        1,
        17,
        null,
        null,
        1,
        17,
        17,
        153,
        26,
        null,
        null,
        17,
        null,
        null,
        1,
        17,
        11,
        null,
        6,
        null,
        null,
        null,
        1,
        17,
        17,
        17,
        17,
        17,
        17,
        null,
        0,
        null,
        null,
        null,
        1,
        25,
        181,
        181,
        181,
        null,
        181,
        181,
        181,
        null,
        181,
        4,
        null,
        null,
        21,
        null,
        null,
        1,
        99,
        18,
        null,
        2,
        null,
        null,
        null,
        1,
        10,
        2,
        null,
        8,
        null,
        null,
        null,
        1,
        18,
        8,
        null,
        10,
        null,
        null,
        null,
        1,
        0,
        0,
        null,
        null,
        null,
        1,
        12,
        12,
        17,
        17,
        null,
        null
      ]
    },
    "timestamp": 1604251715
  }
}
