{
  "RSpec": {
    "coverage": {
      "/home/scruffy-value-0637/tic-tac-toe-rb-online-web-sp-000/lib/tic_tac_toe.rb": [
        null,
        1,
        null,
        null,
        null,
        null,
        null,
        null,
        null,
        null,
        null,
        1,
        17,
        17,
        17,
        17,
        17,
        null,
        null,
        1,
        17,
        null,
        null,
        1,
        17,
        null,
        null,
        1,
        156,
        null,
        null,
        1,
        17,
        null,
        null,
        1,
        17,
        17,
        153,
        26,
        null,
        null,
        17,
        null,
        null,
        1,
        17,
        11,
        null,
        6,
        null,
        null,
        null,
        1,
        17,
        17,
        17,
        17,
        17,
        17,
        null,
        0,
        null,
        null,
        null,
        1,
        60,
        356,
        356,
        356,
        null,
        356,
        356,
        356,
        null,
        356,
        26,
        null,
        null,
        34,
        null,
        null,
        1,
        134,
        22,
        null,
        4,
        null,
        null,
        null,
        1,
        16,
        4,
        null,
        12,
        null,
        null,
        null,
        1,
        18,
        8,
        null,
        10,
        null,
        null,
        null,
        1,
        9,
        9,
        null,
        null,
        null,
        1,
        12,
        12,
        17,
        17,
        null,
        12,
        5,
        5,
        7,
        3,
        null,
        null
      ]
    },
    "timestamp": 1604252140
  }
}
